# JRE version: Java(TM) SE Runtime Environment (17.0.9+11) (build 17.0.9+11-LTS-201)
# Java VM: Java HotSpot(TM) 64-Bit Server VM (17.0.9+11-LTS-201, mixed mode, sharing, tiered, compressed oops, compressed class ptrs, g1 gc, windows-amd64)
GC Precious Log:
 CPUs: 8 total, 8 available
 Memory: 7941M
 Large Page Support: Disabled
 NUMA Support: Disabled
 Compressed Oops: Enabled (32-bit)
 Heap Region Size: 1M
 Heap Min Capacity: 8M
 Heap Initial Capacity: 126M
 Heap Max Capacity: 512M
 Pre-touch: Disabled
 Parallel Workers: 8
 Concurrent Workers: 2
 Concurrent Refinement Workers: 8
 Periodic GC: Disabled
Heap:
 garbage-first heap   total 58368K, used 38880K [0x00000000e0000000, 0x0000000100000000)
  region size 1024K, 17 young (17408K), 2 survivors (2048K)
 Metaspace       used 52640K, committed 53120K, reserved 1114112K
  class space    used 7064K, committed 7296K, reserved 1048576K
GC Heap History (20 events):
Event: 2.786 GC heap before
{Heap before GC invocations=1 (full 0):
 garbage-first heap   total 129024K, used 34638K [0x00000000e0000000, 0x0000000100000000)
  region size 1024K, 29 young (29696K), 3 survivors (3072K)
 Metaspace       used 11759K, committed 11968K, reserved 1114112K
  class space    used 1450K, committed 1536K, reserved 1048576K
}
Event: 2.793 GC heap after
{Heap after GC invocations=2 (full 0):
 garbage-first heap   total 129024K, used 11008K [0x00000000e0000000, 0x0000000100000000)
  region size 1024K, 2 young (2048K), 2 survivors (2048K)
 Metaspace       used 11759K, committed 11968K, reserved 1114112K
  class space    used 1450K, committed 1536K, reserved 1048576K
}
Event: 4.636 GC heap before
{Heap before GC invocations=2 (full 0):
 garbage-first heap   total 129024K, used 69376K [0x00000000e0000000, 0x0000000100000000)
  region size 1024K, 61 young (62464K), 2 survivors (2048K)
 Metaspace       used 21260K, committed 21504K, reserved 1114112K
  class space    used 2598K, committed 2752K, reserved 1048576K
}
Event: 4.649 GC heap after
{Heap after GC invocations=3 (full 0):
 garbage-first heap   total 129024K, used 15889K [0x00000000e0000000, 0x0000000100000000)
  region size 1024K, 7 young (7168K), 7 survivors (7168K)
 Metaspace       used 21260K, committed 21504K, reserved 1114112K
  class space    used 2598K, committed 2752K, reserved 1048576K
}
Event: 5.616 GC heap before
{Heap before GC invocations=4 (full 0):
 garbage-first heap   total 58368K, used 43537K [0x00000000e0000000, 0x0000000100000000)
  region size 1024K, 34 young (34816K), 7 survivors (7168K)
 Metaspace       used 25238K, committed 25600K, reserved 1114112K
  class space    used 3217K, committed 3392K, reserved 1048576K
}
Event: 5.636 GC heap after
{Heap after GC invocations=5 (full 0):
 garbage-first heap   total 58368K, used 18496K [0x00000000e0000000, 0x0000000100000000)
  region size 1024K, 3 young (3072K), 3 survivors (3072K)
 Metaspace       used 25238K, committed 25600K, reserved 1114112K
  class space    used 3217K, committed 3392K, reserved 1048576K
}
Event: 5.661 GC heap before
{Heap before GC invocations=5 (full 0):
 garbage-first heap   total 58368K, used 19520K [0x00000000e0000000, 0x0000000100000000)
  region size 1024K, 4 young (4096K), 3 survivors (3072K)
 Metaspace       used 25482K, committed 25856K, reserved 1114112K
  class space    used 3266K, committed 3456K, reserved 1048576K
}
Event: 5.668 GC heap after
{Heap after GC invocations=6 (full 0):
 garbage-first heap   total 58368K, used 18463K [0x00000000e0000000, 0x0000000100000000)
  region size 1024K, 1 young (1024K), 1 survivors (1024K)
 Metaspace       used 25482K, committed 25856K, reserved 1114112K
  class space    used 3266K, committed 3456K, reserved 1048576K
}
Event: 6.554 GC heap before
{Heap before GC invocations=6 (full 0):
 garbage-first heap   total 58368K, used 39967K [0x00000000e0000000, 0x0000000100000000)
  region size 1024K, 22 young (22528K), 1 survivors (1024K)
 Metaspace       used 29890K, committed 30272K, reserved 1114112K
  class space    used 3873K, committed 4032K, reserved 1048576K
}
Event: 6.564 GC heap after
{Heap after GC invocations=7 (full 0):
 garbage-first heap   total 58368K, used 20355K [0x00000000e0000000, 0x0000000100000000)
  region size 1024K, 3 young (3072K), 3 survivors (3072K)
 Metaspace       used 29890K, committed 30272K, reserved 1114112K
  class space    used 3873K, committed 4032K, reserved 1048576K
}
Event: 7.349 GC heap before
{Heap before GC invocations=7 (full 0):
 garbage-first heap   total 58368K, used 41859K [0x00000000e0000000, 0x0000000100000000)
  region size 1024K, 23 young (23552K), 3 survivors (3072K)
 Metaspace       used 32953K, committed 33408K, reserved 1114112K
  class space    used 4300K, committed 4480K, reserved 1048576K
}
Event: 7.355 GC heap after
{Heap after GC invocations=8 (full 0):
 garbage-first heap   total 58368K, used 20950K [0x00000000e0000000, 0x0000000100000000)
  region size 1024K, 2 young (2048K), 2 survivors (2048K)
 Metaspace       used 32953K, committed 33408K, reserved 1114112K
  class space    used 4300K, committed 4480K, reserved 1048576K
}
Event: 7.686 GC heap before
{Heap before GC invocations=8 (full 0):
 garbage-first heap   total 58368K, used 30166K [0x00000000e0000000, 0x0000000100000000)
  region size 1024K, 12 young (12288K), 2 survivors (2048K)
 Metaspace       used 35574K, committed 35968K, reserved 1114112K
  class space    used 4701K, committed 4928K, reserved 1048576K
}
Event: 7.688 GC heap after
{Heap after GC invocations=9 (full 0):
 garbage-first heap   total 58368K, used 21243K [0x00000000e0000000, 0x0000000100000000)
  region size 1024K, 2 young (2048K), 2 survivors (2048K)
 Metaspace       used 35574K, committed 35968K, reserved 1114112K
  class space    used 4701K, committed 4928K, reserved 1048576K
}
Event: 9.317 GC heap before
{Heap before GC invocations=10 (full 0):
 garbage-first heap   total 58368K, used 43771K [0x00000000e0000000, 0x0000000100000000)
  region size 1024K, 24 young (24576K), 2 survivors (2048K)
 Metaspace       used 44746K, committed 45184K, reserved 1114112K
  class space    used 5924K, committed 6144K, reserved 1048576K
}
Event: 9.322 GC heap after
{Heap after GC invocations=11 (full 0):
 garbage-first heap   total 58368K, used 23541K [0x00000000e0000000, 0x0000000100000000)
  region size 1024K, 3 young (3072K), 3 survivors (3072K)
 Metaspace       used 44746K, committed 45184K, reserved 1114112K
  class space    used 5924K, committed 6144K, reserved 1048576K
}
Event: 9.502 GC heap before
{Heap before GC invocations=11 (full 0):
 garbage-first heap   total 58368K, used 24565K [0x00000000e0000000, 0x0000000100000000)
  region size 1024K, 4 young (4096K), 3 survivors (3072K)
 Metaspace       used 45023K, committed 45440K, reserved 1114112K
  class space    used 5948K, committed 6144K, reserved 1048576K
}
Event: 9.505 GC heap after
{Heap after GC invocations=12 (full 0):
 garbage-first heap   total 58368K, used 23635K [0x00000000e0000000, 0x0000000100000000)
  region size 1024K, 1 young (1024K), 1 survivors (1024K)
 Metaspace       used 45023K, committed 45440K, reserved 1114112K
  class space    used 5948K, committed 6144K, reserved 1048576K
}
Event: 10.520 GC heap before
{Heap before GC invocations=12 (full 0):
 garbage-first heap   total 58368K, used 43091K [0x00000000e0000000, 0x0000000100000000)
  region size 1024K, 21 young (21504K), 1 survivors (1024K)
 Metaspace       used 49463K, committed 49920K, reserved 1114112K
  class space    used 6519K, committed 6720K, reserved 1048576K
}
Event: 10.522 GC heap after
{Heap after GC invocations=13 (full 0):
 garbage-first heap   total 58368K, used 24544K [0x00000000e0000000, 0x0000000100000000)
  region size 1024K, 2 young (2048K), 2 survivors (2048K)
 Metaspace       used 49463K, committed 49920K, reserved 1114112K
  class space    used 6519K, committed 6720K, reserved 1048576K
}

