# JRE version: OpenJDK Runtime Environment Temurin-17.0.11+9 (17.0.11+9) (build 17.0.11+9)
# Java VM: OpenJDK 64-Bit Server VM Temurin-17.0.11+9 (17.0.11+9, mixed mode, emulated-client, tiered, compressed oops, compressed class ptrs, g1 gc, windows-amd64)
GC Precious Log:
 CPUs: 8 total, 8 available
 Memory: 7941M
 Large Page Support: Disabled
 NUMA Support: Disabled
 Compressed Oops: Enabled (32-bit)
 Heap Region Size: 1M
 Heap Min Capacity: 8M
 Heap Initial Capacity: 126M
 Heap Max Capacity: 512M
 Pre-touch: Disabled
 Parallel Workers: 8
 Concurrent Workers: 2
 Concurrent Refinement Workers: 8
 Periodic GC: Disabled
Heap:
 garbage-first heap   total 75776K, used 24765K [0x00000000e0000000, 0x0000000100000000)
  region size 1024K, 1 young (1024K), 0 survivors (0K)
 Metaspace       used 39607K, committed 40128K, reserved 1114112K
  class space    used 5247K, committed 5440K, reserved 1048576K
GC Heap History (20 events):
Event: 11733.423 GC heap before
{Heap before GC invocations=801 (full 791):
 garbage-first heap   total 75776K, used 24765K [0x00000000e0000000, 0x0000000100000000)
  region size 1024K, 1 young (1024K), 0 survivors (0K)
 Metaspace       used 39607K, committed 40128K, reserved 1114112K
  class space    used 5247K, committed 5440K, reserved 1048576K
}
Event: 11733.457 GC heap after
{Heap after GC invocations=802 (full 792):
 garbage-first heap   total 75776K, used 24765K [0x00000000e0000000, 0x0000000100000000)
  region size 1024K, 0 young (0K), 0 survivors (0K)
 Metaspace       used 39607K, committed 40128K, reserved 1114112K
  class space    used 5247K, committed 5440K, reserved 1048576K
}
Event: 11743.957 GC heap before
{Heap before GC invocations=802 (full 792):
 garbage-first heap   total 75776K, used 24765K [0x00000000e0000000, 0x0000000100000000)
  region size 1024K, 1 young (1024K), 0 survivors (0K)
 Metaspace       used 39607K, committed 40128K, reserved 1114112K
  class space    used 5247K, committed 5440K, reserved 1048576K
}
Event: 11743.981 GC heap after
{Heap after GC invocations=803 (full 793):
 garbage-first heap   total 75776K, used 24765K [0x00000000e0000000, 0x0000000100000000)
  region size 1024K, 0 young (0K), 0 survivors (0K)
 Metaspace       used 39607K, committed 40128K, reserved 1114112K
  class space    used 5247K, committed 5440K, reserved 1048576K
}
Event: 11754.532 GC heap before
{Heap before GC invocations=803 (full 793):
 garbage-first heap   total 75776K, used 24765K [0x00000000e0000000, 0x0000000100000000)
  region size 1024K, 1 young (1024K), 0 survivors (0K)
 Metaspace       used 39607K, committed 40128K, reserved 1114112K
  class space    used 5247K, committed 5440K, reserved 1048576K
}
Event: 11754.560 GC heap after
{Heap after GC invocations=804 (full 794):
 garbage-first heap   total 75776K, used 24765K [0x00000000e0000000, 0x0000000100000000)
  region size 1024K, 0 young (0K), 0 survivors (0K)
 Metaspace       used 39607K, committed 40128K, reserved 1114112K
  class space    used 5247K, committed 5440K, reserved 1048576K
}
Event: 11765.289 GC heap before
{Heap before GC invocations=804 (full 794):
 garbage-first heap   total 75776K, used 24765K [0x00000000e0000000, 0x0000000100000000)
  region size 1024K, 1 young (1024K), 0 survivors (0K)
 Metaspace       used 39607K, committed 40128K, reserved 1114112K
  class space    used 5247K, committed 5440K, reserved 1048576K
}
Event: 11765.327 GC heap after
{Heap after GC invocations=805 (full 795):
 garbage-first heap   total 75776K, used 24765K [0x00000000e0000000, 0x0000000100000000)
  region size 1024K, 0 young (0K), 0 survivors (0K)
 Metaspace       used 39607K, committed 40128K, reserved 1114112K
  class space    used 5247K, committed 5440K, reserved 1048576K
}
Event: 11775.844 GC heap before
{Heap before GC invocations=805 (full 795):
 garbage-first heap   total 75776K, used 24765K [0x00000000e0000000, 0x0000000100000000)
  region size 1024K, 1 young (1024K), 0 survivors (0K)
 Metaspace       used 39607K, committed 40128K, reserved 1114112K
  class space    used 5247K, committed 5440K, reserved 1048576K
}
Event: 11775.894 GC heap after
{Heap after GC invocations=806 (full 796):
 garbage-first heap   total 75776K, used 24765K [0x00000000e0000000, 0x0000000100000000)
  region size 1024K, 0 young (0K), 0 survivors (0K)
 Metaspace       used 39607K, committed 40128K, reserved 1114112K
  class space    used 5247K, committed 5440K, reserved 1048576K
}
Event: 11786.298 GC heap before
{Heap before GC invocations=806 (full 796):
 garbage-first heap   total 75776K, used 24765K [0x00000000e0000000, 0x0000000100000000)
  region size 1024K, 1 young (1024K), 0 survivors (0K)
 Metaspace       used 39607K, committed 40128K, reserved 1114112K
  class space    used 5247K, committed 5440K, reserved 1048576K
}
Event: 11786.328 GC heap after
{Heap after GC invocations=807 (full 797):
 garbage-first heap   total 75776K, used 24765K [0x00000000e0000000, 0x0000000100000000)
  region size 1024K, 0 young (0K), 0 survivors (0K)
 Metaspace       used 39607K, committed 40128K, reserved 1114112K
  class space    used 5247K, committed 5440K, reserved 1048576K
}
Event: 11796.684 GC heap before
{Heap before GC invocations=807 (full 797):
 garbage-first heap   total 75776K, used 24765K [0x00000000e0000000, 0x0000000100000000)
  region size 1024K, 1 young (1024K), 0 survivors (0K)
 Metaspace       used 39607K, committed 40128K, reserved 1114112K
  class space    used 5247K, committed 5440K, reserved 1048576K
}
Event: 11796.716 GC heap after
{Heap after GC invocations=808 (full 798):
 garbage-first heap   total 75776K, used 24765K [0x00000000e0000000, 0x0000000100000000)
  region size 1024K, 0 young (0K), 0 survivors (0K)
 Metaspace       used 39607K, committed 40128K, reserved 1114112K
  class space    used 5247K, committed 5440K, reserved 1048576K
}
Event: 11807.146 GC heap before
{Heap before GC invocations=808 (full 798):
 garbage-first heap   total 75776K, used 24765K [0x00000000e0000000, 0x0000000100000000)
  region size 1024K, 1 young (1024K), 0 survivors (0K)
 Metaspace       used 39607K, committed 40128K, reserved 1114112K
  class space    used 5247K, committed 5440K, reserved 1048576K
}
Event: 11807.185 GC heap after
{Heap after GC invocations=809 (full 799):
 garbage-first heap   total 75776K, used 24765K [0x00000000e0000000, 0x0000000100000000)
  region size 1024K, 0 young (0K), 0 survivors (0K)
 Metaspace       used 39607K, committed 40128K, reserved 1114112K
  class space    used 5247K, committed 5440K, reserved 1048576K
}
Event: 11817.656 GC heap before
{Heap before GC invocations=809 (full 799):
 garbage-first heap   total 75776K, used 24765K [0x00000000e0000000, 0x0000000100000000)
  region size 1024K, 1 young (1024K), 0 survivors (0K)
 Metaspace       used 39607K, committed 40128K, reserved 1114112K
  class space    used 5247K, committed 5440K, reserved 1048576K
}
Event: 11817.709 GC heap after
{Heap after GC invocations=810 (full 800):
 garbage-first heap   total 75776K, used 24765K [0x00000000e0000000, 0x0000000100000000)
  region size 1024K, 0 young (0K), 0 survivors (0K)
 Metaspace       used 39607K, committed 40128K, reserved 1114112K
  class space    used 5247K, committed 5440K, reserved 1048576K
}
Event: 11828.079 GC heap before
{Heap before GC invocations=810 (full 800):
 garbage-first heap   total 75776K, used 24765K [0x00000000e0000000, 0x0000000100000000)
  region size 1024K, 1 young (1024K), 0 survivors (0K)
 Metaspace       used 39607K, committed 40128K, reserved 1114112K
  class space    used 5247K, committed 5440K, reserved 1048576K
}
Event: 11828.128 GC heap after
{Heap after GC invocations=811 (full 801):
 garbage-first heap   total 75776K, used 24765K [0x00000000e0000000, 0x0000000100000000)
  region size 1024K, 0 young (0K), 0 survivors (0K)
 Metaspace       used 39607K, committed 40128K, reserved 1114112K
  class space    used 5247K, committed 5440K, reserved 1048576K
}

