# JRE version: OpenJDK Runtime Environment Temurin-17.0.11+9 (17.0.11+9) (build 17.0.11+9)
# Java VM: OpenJDK 64-Bit Server VM Temurin-17.0.11+9 (17.0.11+9, mixed mode, tiered, compressed oops, compressed class ptrs, parallel gc, windows-amd64)
GC Precious Log:
 CPUs: 8 total, 8 available
 Memory: 7941M
 Large Page Support: Disabled
 NUMA Support: Disabled
 Compressed Oops: Enabled (32-bit)
 Alignments: Space 512K, Generation 512K, Heap 2M
 Heap Min Capacity: 100M
 Heap Initial Capacity: 100M
 Heap Max Capacity: 512M
 Pre-touch: Disabled
 Parallel Workers: 8
Heap:
 PSYoungGen      total 26112K, used 18676K [0x00000000f5580000, 0x00000000f7300000, 0x0000000100000000)
  eden space 25088K, 71% used [0x00000000f5580000,0x00000000f66f0308,0x00000000f6e00000)
  from space 1024K, 80% used [0x00000000f6e80000,0x00000000f6f4ce00,0x00000000f6f80000)
  to   space 2560K, 0% used [0x00000000f7080000,0x00000000f7080000,0x00000000f7300000)
 ParOldGen       total 68608K, used 6812K [0x00000000e0000000, 0x00000000e4300000, 0x00000000f5580000)
  object space 68608K, 9% used [0x00000000e0000000,0x00000000e06a73e0,0x00000000e4300000)
 Metaspace       used 26700K, committed 27200K, reserved 1114112K
  class space    used 2601K, committed 2816K, reserved 1048576K
GC Heap History (12 events):
Event: 1.170 GC heap before
{Heap before GC invocations=1 (full 0):
 PSYoungGen      total 29696K, used 25600K [0x00000000f5580000, 0x00000000f7680000, 0x0000000100000000)
  eden space 25600K, 100% used [0x00000000f5580000,0x00000000f6e80000,0x00000000f6e80000)
  from space 4096K, 0% used [0x00000000f7280000,0x00000000f7280000,0x00000000f7680000)
  to   space 4096K, 0% used [0x00000000f6e80000,0x00000000f6e80000,0x00000000f7280000)
 ParOldGen       total 68608K, used 0K [0x00000000e0000000, 0x00000000e4300000, 0x00000000f5580000)
  object space 68608K, 0% used [0x00000000e0000000,0x00000000e0000000,0x00000000e4300000)
 Metaspace       used 11022K, committed 11200K, reserved 1114112K
  class space    used 1100K, committed 1216K, reserved 1048576K
}
Event: 1.177 GC heap after
{Heap after GC invocations=1 (full 0):
 PSYoungGen      total 29696K, used 3188K [0x00000000f5580000, 0x00000000f7680000, 0x0000000100000000)
  eden space 25600K, 0% used [0x00000000f5580000,0x00000000f5580000,0x00000000f6e80000)
  from space 4096K, 77% used [0x00000000f6e80000,0x00000000f719d268,0x00000000f7280000)
  to   space 4096K, 0% used [0x00000000f7280000,0x00000000f7280000,0x00000000f7680000)
 ParOldGen       total 68608K, used 16K [0x00000000e0000000, 0x00000000e4300000, 0x00000000f5580000)
  object space 68608K, 0% used [0x00000000e0000000,0x00000000e0004000,0x00000000e4300000)
 Metaspace       used 11022K, committed 11200K, reserved 1114112K
  class space    used 1100K, committed 1216K, reserved 1048576K
}
Event: 1.962 GC heap before
{Heap before GC invocations=2 (full 0):
 PSYoungGen      total 29696K, used 28788K [0x00000000f5580000, 0x00000000f7680000, 0x0000000100000000)
  eden space 25600K, 100% used [0x00000000f5580000,0x00000000f6e80000,0x00000000f6e80000)
  from space 4096K, 77% used [0x00000000f6e80000,0x00000000f719d268,0x00000000f7280000)
  to   space 4096K, 0% used [0x00000000f7280000,0x00000000f7280000,0x00000000f7680000)
 ParOldGen       total 68608K, used 16K [0x00000000e0000000, 0x00000000e4300000, 0x00000000f5580000)
  object space 68608K, 0% used [0x00000000e0000000,0x00000000e0004000,0x00000000e4300000)
 Metaspace       used 14816K, committed 15104K, reserved 1114112K
  class space    used 1500K, committed 1664K, reserved 1048576K
}
Event: 1.967 GC heap after
{Heap after GC invocations=2 (full 0):
 PSYoungGen      total 29696K, used 4073K [0x00000000f5580000, 0x00000000f7680000, 0x0000000100000000)
  eden space 25600K, 0% used [0x00000000f5580000,0x00000000f5580000,0x00000000f6e80000)
  from space 4096K, 99% used [0x00000000f7280000,0x00000000f767a778,0x00000000f7680000)
  to   space 4096K, 0% used [0x00000000f6e80000,0x00000000f6e80000,0x00000000f7280000)
 ParOldGen       total 68608K, used 764K [0x00000000e0000000, 0x00000000e4300000, 0x00000000f5580000)
  object space 68608K, 1% used [0x00000000e0000000,0x00000000e00bf360,0x00000000e4300000)
 Metaspace       used 14816K, committed 15104K, reserved 1114112K
  class space    used 1500K, committed 1664K, reserved 1048576K
}
Event: 2.545 GC heap before
{Heap before GC invocations=3 (full 0):
 PSYoungGen      total 29696K, used 29644K [0x00000000f5580000, 0x00000000f7680000, 0x0000000100000000)
  eden space 25600K, 99% used [0x00000000f5580000,0x00000000f6e78ab0,0x00000000f6e80000)
  from space 4096K, 99% used [0x00000000f7280000,0x00000000f767a778,0x00000000f7680000)
  to   space 4096K, 0% used [0x00000000f6e80000,0x00000000f6e80000,0x00000000f7280000)
 ParOldGen       total 68608K, used 764K [0x00000000e0000000, 0x00000000e4300000, 0x00000000f5580000)
  object space 68608K, 1% used [0x00000000e0000000,0x00000000e00bf360,0x00000000e4300000)
 Metaspace       used 19859K, committed 20288K, reserved 1114112K
  class space    used 2039K, committed 2240K, reserved 1048576K
}
Event: 2.549 GC heap after
{Heap after GC invocations=3 (full 0):
 PSYoungGen      total 29696K, used 4073K [0x00000000f5580000, 0x00000000f7680000, 0x0000000100000000)
  eden space 25600K, 0% used [0x00000000f5580000,0x00000000f5580000,0x00000000f6e80000)
  from space 4096K, 99% used [0x00000000f6e80000,0x00000000f727a768,0x00000000f7280000)
  to   space 4096K, 0% used [0x00000000f7280000,0x00000000f7280000,0x00000000f7680000)
 ParOldGen       total 68608K, used 2478K [0x00000000e0000000, 0x00000000e4300000, 0x00000000f5580000)
  object space 68608K, 3% used [0x00000000e0000000,0x00000000e026bb00,0x00000000e4300000)
 Metaspace       used 19859K, committed 20288K, reserved 1114112K
  class space    used 2039K, committed 2240K, reserved 1048576K
}
Event: 2.636 GC heap before
{Heap before GC invocations=4 (full 0):
 PSYoungGen      total 29696K, used 10024K [0x00000000f5580000, 0x00000000f7680000, 0x0000000100000000)
  eden space 25600K, 23% used [0x00000000f5580000,0x00000000f5b4f948,0x00000000f6e80000)
  from space 4096K, 99% used [0x00000000f6e80000,0x00000000f727a768,0x00000000f7280000)
  to   space 4096K, 0% used [0x00000000f7280000,0x00000000f7280000,0x00000000f7680000)
 ParOldGen       total 68608K, used 2478K [0x00000000e0000000, 0x00000000e4300000, 0x00000000f5580000)
  object space 68608K, 3% used [0x00000000e0000000,0x00000000e026bb00,0x00000000e4300000)
 Metaspace       used 21032K, committed 21504K, reserved 1114112K
  class space    used 2166K, committed 2368K, reserved 1048576K
}
Event: 2.638 GC heap after
{Heap after GC invocations=4 (full 0):
 PSYoungGen      total 29696K, used 4067K [0x00000000f5580000, 0x00000000f7680000, 0x0000000100000000)
  eden space 25600K, 0% used [0x00000000f5580000,0x00000000f5580000,0x00000000f6e80000)
  from space 4096K, 99% used [0x00000000f7280000,0x00000000f7678f38,0x00000000f7680000)
  to   space 4096K, 0% used [0x00000000f6e80000,0x00000000f6e80000,0x00000000f7280000)
 ParOldGen       total 68608K, used 2959K [0x00000000e0000000, 0x00000000e4300000, 0x00000000f5580000)
  object space 68608K, 4% used [0x00000000e0000000,0x00000000e02e3d18,0x00000000e4300000)
 Metaspace       used 21032K, committed 21504K, reserved 1114112K
  class space    used 2166K, committed 2368K, reserved 1048576K
}
Event: 2.638 GC heap before
{Heap before GC invocations=5 (full 1):
 PSYoungGen      total 29696K, used 4067K [0x00000000f5580000, 0x00000000f7680000, 0x0000000100000000)
  eden space 25600K, 0% used [0x00000000f5580000,0x00000000f5580000,0x00000000f6e80000)
  from space 4096K, 99% used [0x00000000f7280000,0x00000000f7678f38,0x00000000f7680000)
  to   space 4096K, 0% used [0x00000000f6e80000,0x00000000f6e80000,0x00000000f7280000)
 ParOldGen       total 68608K, used 2959K [0x00000000e0000000, 0x00000000e4300000, 0x00000000f5580000)
  object space 68608K, 4% used [0x00000000e0000000,0x00000000e02e3d18,0x00000000e4300000)
 Metaspace       used 21032K, committed 21504K, reserved 1114112K
  class space    used 2166K, committed 2368K, reserved 1048576K
}
Event: 2.655 GC heap after
{Heap after GC invocations=5 (full 1):
 PSYoungGen      total 29696K, used 0K [0x00000000f5580000, 0x00000000f7680000, 0x0000000100000000)
  eden space 25600K, 0% used [0x00000000f5580000,0x00000000f5580000,0x00000000f6e80000)
  from space 4096K, 0% used [0x00000000f7280000,0x00000000f7280000,0x00000000f7680000)
  to   space 4096K, 0% used [0x00000000f6e80000,0x00000000f6e80000,0x00000000f7280000)
 ParOldGen       total 68608K, used 6804K [0x00000000e0000000, 0x00000000e4300000, 0x00000000f5580000)
  object space 68608K, 9% used [0x00000000e0000000,0x00000000e06a53e0,0x00000000e4300000)
 Metaspace       used 21019K, committed 21504K, reserved 1114112K
  class space    used 2163K, committed 2368K, reserved 1048576K
}
Event: 2.906 GC heap before
{Heap before GC invocations=6 (full 1):
 PSYoungGen      total 29696K, used 25600K [0x00000000f5580000, 0x00000000f7680000, 0x0000000100000000)
  eden space 25600K, 100% used [0x00000000f5580000,0x00000000f6e80000,0x00000000f6e80000)
  from space 4096K, 0% used [0x00000000f7280000,0x00000000f7280000,0x00000000f7680000)
  to   space 4096K, 0% used [0x00000000f6e80000,0x00000000f6e80000,0x00000000f7280000)
 ParOldGen       total 68608K, used 6804K [0x00000000e0000000, 0x00000000e4300000, 0x00000000f5580000)
  object space 68608K, 9% used [0x00000000e0000000,0x00000000e06a53e0,0x00000000e4300000)
 Metaspace       used 24037K, committed 24512K, reserved 1114112K
  class space    used 2378K, committed 2560K, reserved 1048576K
}
Event: 2.908 GC heap after
{Heap after GC invocations=6 (full 1):
 PSYoungGen      total 26112K, used 819K [0x00000000f5580000, 0x00000000f7300000, 0x0000000100000000)
  eden space 25088K, 0% used [0x00000000f5580000,0x00000000f5580000,0x00000000f6e00000)
  from space 1024K, 80% used [0x00000000f6e80000,0x00000000f6f4ce00,0x00000000f6f80000)
  to   space 2560K, 0% used [0x00000000f7080000,0x00000000f7080000,0x00000000f7300000)
 ParOldGen       total 68608K, used 6812K [0x00000000e0000000, 0x00000000e4300000, 0x00000000f5580000)
  object space 68608K, 9% used [0x00000000e0000000,0x00000000e06a73e0,0x00000000e4300000)
 Metaspace       used 24037K, committed 24512K, reserved 1114112K
  class space    used 2378K, committed 2560K, reserved 1048576K
}

